<?xml version="1.0" encoding="UTF-8"?>
<testng-results ignored="0" total="1" passed="1" failed="0" skipped="0">
  <reporter-output>
  </reporter-output>
  <suite started-at="2023-06-24T22:06:09 IST" name="Default suite" finished-at="2023-06-24T22:06:25 IST" duration-ms="16536">
    <groups>
    </groups>
    <test started-at="2023-06-24T22:06:09 IST" name="Default test" finished-at="2023-06-24T22:06:25 IST" duration-ms="16536">
      <class name="tests.LoginTest">
        <test-method signature="test1()[pri:0, instance:tests.LoginTest@40a4337a]" started-at="2023-06-24T22:06:09 IST" name="test1" finished-at="2023-06-24T22:06:25 IST" duration-ms="16458" status="PASS">
          <reporter-output>
          </reporter-output>
        </test-method> <!-- test1 -->
      </class> <!-- tests.LoginTest -->
    </test> <!-- Default test -->
  </suite> <!-- Default suite -->
</testng-results>
